2023-10-31 00:36:23 [main] INFO  com.hcc.BackendApplication - Starting BackendApplication using Java 17.0.8.1 on DESKTOP-KQ164VM with PID 37912 (C:\Users\ajlov\BloomTech\forkedLabs\BloomCodeCamp-be-a-starter\build\classes\java\main started by ajlov in C:\Users\ajlov\BloomTech\forkedLabs\BloomCodeCamp-be-a-starter)
2023-10-31 00:36:23 [main] INFO  com.hcc.BackendApplication - The following 1 profile is active: "dev"
2023-10-31 00:36:24 [main] INFO  o.s.d.r.c.RepositoryConfigurationDelegate - Bootstrapping Spring Data JPA repositories in DEFAULT mode.
2023-10-31 00:36:24 [main] INFO  o.s.d.r.c.RepositoryConfigurationDelegate - Finished Spring Data repository scanning in 97 ms. Found 2 JPA repository interfaces.
2023-10-31 00:36:25 [main] INFO  o.s.b.w.e.tomcat.TomcatWebServer - Tomcat initialized with port(s): 5000 (http)
2023-10-31 00:36:25 [main] INFO  o.a.catalina.core.StandardService - Starting service [Tomcat]
2023-10-31 00:36:25 [main] INFO  o.a.catalina.core.StandardEngine - Starting Servlet engine: [Apache Tomcat/9.0.71]
2023-10-31 00:36:25 [main] INFO  o.a.c.c.C.[Tomcat].[localhost].[/] - Initializing Spring embedded WebApplicationContext
2023-10-31 00:36:25 [main] INFO  o.s.b.w.s.c.ServletWebServerApplicationContext - Root WebApplicationContext: initialization completed in 2234 ms
2023-10-31 00:36:25 [main] INFO  o.h.jpa.internal.util.LogHelper - HHH000204: Processing PersistenceUnitInfo [name: default]
2023-10-31 00:36:26 [main] INFO  org.hibernate.Version - HHH000412: Hibernate ORM core version 5.6.14.Final
2023-10-31 00:36:26 [main] INFO  o.h.annotations.common.Version - HCANN000001: Hibernate Commons Annotations {5.1.2.Final}
2023-10-31 00:36:26 [main] INFO  com.zaxxer.hikari.HikariDataSource - HikariPool-1 - Starting...
2023-10-31 00:36:27 [main] INFO  com.zaxxer.hikari.HikariDataSource - HikariPool-1 - Start completed.
2023-10-31 00:36:27 [main] INFO  org.hibernate.dialect.Dialect - HHH000400: Using dialect: org.hibernate.dialect.PostgreSQLDialect
2023-10-31 00:36:28 [main] INFO  o.h.e.t.j.p.i.JtaPlatformInitiator - HHH000490: Using JtaPlatform implementation: [org.hibernate.engine.transaction.jta.platform.internal.NoJtaPlatform]
2023-10-31 00:36:28 [main] INFO  o.s.o.j.LocalContainerEntityManagerFactoryBean - Initialized JPA EntityManagerFactory for persistence unit 'default'
2023-10-31 00:36:29 [main] WARN  o.s.b.a.o.j.JpaBaseConfiguration$JpaWebConfiguration - spring.jpa.open-in-view is enabled by default. Therefore, database queries may be performed during view rendering. Explicitly configure spring.jpa.open-in-view to disable this warning
2023-10-31 00:36:29 [main] INFO  o.s.s.web.DefaultSecurityFilterChain - Will secure any request with [org.springframework.security.web.session.DisableEncodeUrlFilter@197180a5, org.springframework.security.web.context.request.async.WebAsyncManagerIntegrationFilter@31028e45, org.springframework.security.web.context.SecurityContextPersistenceFilter@3909308c, org.springframework.security.web.header.HeaderWriterFilter@1f365a26, org.springframework.security.web.csrf.CsrfFilter@5dc120ab, org.springframework.security.web.authentication.logout.LogoutFilter@143fe09c, org.springframework.security.web.authentication.UsernamePasswordAuthenticationFilter@61503d00, org.springframework.security.web.authentication.ui.DefaultLoginPageGeneratingFilter@2f498f21, org.springframework.security.web.authentication.ui.DefaultLogoutPageGeneratingFilter@68f75a35, org.springframework.security.web.authentication.www.BasicAuthenticationFilter@66e218d8, org.springframework.security.web.savedrequest.RequestCacheAwareFilter@3b6c740b, org.springframework.security.web.servletapi.SecurityContextHolderAwareRequestFilter@7169d668, org.springframework.security.web.authentication.AnonymousAuthenticationFilter@50e0b472, org.springframework.security.web.session.SessionManagementFilter@2e2cd42c, org.springframework.security.web.access.ExceptionTranslationFilter@374ba492, org.springframework.security.web.access.intercept.FilterSecurityInterceptor@b5d7233]
2023-10-31 00:36:30 [main] INFO  o.s.b.w.e.tomcat.TomcatWebServer - Tomcat started on port(s): 5000 (http) with context path ''
2023-10-31 00:36:30 [main] INFO  com.hcc.BackendApplication - Started BackendApplication in 7.362 seconds (JVM running for 7.846)
2023-10-31 00:36:58 [http-nio-5000-exec-1] INFO  o.a.c.c.C.[Tomcat].[localhost].[/] - Initializing Spring DispatcherServlet 'dispatcherServlet'
2023-10-31 00:36:58 [http-nio-5000-exec-1] INFO  o.s.web.servlet.DispatcherServlet - Initializing Servlet 'dispatcherServlet'
2023-10-31 00:36:58 [http-nio-5000-exec-1] INFO  o.s.web.servlet.DispatcherServlet - Completed initialization in 0 ms
2023-10-31 00:42:16 [main] INFO  com.hcc.BackendApplication - Starting BackendApplication using Java 17.0.8.1 on DESKTOP-KQ164VM with PID 29356 (C:\Users\ajlov\BloomTech\forkedLabs\BloomCodeCamp-be-a-starter\build\classes\java\main started by ajlov in C:\Users\ajlov\BloomTech\forkedLabs\BloomCodeCamp-be-a-starter)
2023-10-31 00:42:16 [main] INFO  com.hcc.BackendApplication - The following 1 profile is active: "dev"
2023-10-31 00:42:17 [main] INFO  o.s.d.r.c.RepositoryConfigurationDelegate - Bootstrapping Spring Data JPA repositories in DEFAULT mode.
2023-10-31 00:42:17 [main] INFO  o.s.d.r.c.RepositoryConfigurationDelegate - Finished Spring Data repository scanning in 97 ms. Found 2 JPA repository interfaces.
2023-10-31 00:42:18 [main] INFO  o.s.b.w.e.tomcat.TomcatWebServer - Tomcat initialized with port(s): 5000 (http)
2023-10-31 00:42:18 [main] INFO  o.a.catalina.core.StandardService - Starting service [Tomcat]
2023-10-31 00:42:18 [main] INFO  o.a.catalina.core.StandardEngine - Starting Servlet engine: [Apache Tomcat/9.0.71]
2023-10-31 00:42:18 [main] INFO  o.a.c.c.C.[Tomcat].[localhost].[/] - Initializing Spring embedded WebApplicationContext
2023-10-31 00:42:18 [main] INFO  o.s.b.w.s.c.ServletWebServerApplicationContext - Root WebApplicationContext: initialization completed in 1869 ms
2023-10-31 00:42:18 [main] INFO  o.h.jpa.internal.util.LogHelper - HHH000204: Processing PersistenceUnitInfo [name: default]
2023-10-31 00:42:18 [main] INFO  org.hibernate.Version - HHH000412: Hibernate ORM core version 5.6.14.Final
2023-10-31 00:42:18 [main] INFO  o.h.annotations.common.Version - HCANN000001: Hibernate Commons Annotations {5.1.2.Final}
2023-10-31 00:42:18 [main] INFO  com.zaxxer.hikari.HikariDataSource - HikariPool-1 - Starting...
2023-10-31 00:42:19 [main] INFO  com.zaxxer.hikari.HikariDataSource - HikariPool-1 - Start completed.
2023-10-31 00:42:19 [main] INFO  org.hibernate.dialect.Dialect - HHH000400: Using dialect: org.hibernate.dialect.PostgreSQLDialect
2023-10-31 00:42:21 [main] INFO  o.h.e.t.j.p.i.JtaPlatformInitiator - HHH000490: Using JtaPlatform implementation: [org.hibernate.engine.transaction.jta.platform.internal.NoJtaPlatform]
2023-10-31 00:42:21 [main] INFO  o.s.o.j.LocalContainerEntityManagerFactoryBean - Initialized JPA EntityManagerFactory for persistence unit 'default'
2023-10-31 00:42:21 [main] WARN  o.s.b.w.s.c.AnnotationConfigServletWebServerApplicationContext - Exception encountered during context initialization - cancelling refresh attempt: org.springframework.beans.factory.UnsatisfiedDependencyException: Error creating bean with name 'helloController': Unsatisfied dependency expressed through field 'helloService'; nested exception is org.springframework.beans.factory.NoSuchBeanDefinitionException: No qualifying bean of type 'com.hcc.services.HelloService' available: expected at least 1 bean which qualifies as autowire candidate. Dependency annotations: {@org.springframework.beans.factory.annotation.Autowired(required=true)}
2023-10-31 00:42:21 [main] INFO  o.s.o.j.LocalContainerEntityManagerFactoryBean - Closing JPA EntityManagerFactory for persistence unit 'default'
2023-10-31 00:42:21 [main] INFO  com.zaxxer.hikari.HikariDataSource - HikariPool-1 - Shutdown initiated...
2023-10-31 00:42:21 [main] INFO  com.zaxxer.hikari.HikariDataSource - HikariPool-1 - Shutdown completed.
2023-10-31 00:42:21 [main] INFO  o.a.catalina.core.StandardService - Stopping service [Tomcat]
2023-10-31 00:42:21 [main] INFO  o.s.b.a.l.ConditionEvaluationReportLoggingListener - 

Error starting ApplicationContext. To display the conditions report re-run your application with 'debug' enabled.
2023-10-31 00:42:21 [main] ERROR o.s.b.d.LoggingFailureAnalysisReporter - 

***************************
APPLICATION FAILED TO START
***************************

Description:

Field helloService in com.hcc.controllers.HelloController required a bean of type 'com.hcc.services.HelloService' that could not be found.

The injection point has the following annotations:
	- @org.springframework.beans.factory.annotation.Autowired(required=true)


Action:

Consider defining a bean of type 'com.hcc.services.HelloService' in your configuration.

2023-10-31 00:43:45 [main] INFO  com.hcc.BackendApplication - Starting BackendApplication using Java 17.0.8.1 on DESKTOP-KQ164VM with PID 1976 (C:\Users\ajlov\BloomTech\forkedLabs\BloomCodeCamp-be-a-starter\build\classes\java\main started by ajlov in C:\Users\ajlov\BloomTech\forkedLabs\BloomCodeCamp-be-a-starter)
2023-10-31 00:43:45 [main] INFO  com.hcc.BackendApplication - The following 1 profile is active: "dev"
2023-10-31 00:43:46 [main] INFO  o.s.d.r.c.RepositoryConfigurationDelegate - Bootstrapping Spring Data JPA repositories in DEFAULT mode.
2023-10-31 00:43:46 [main] INFO  o.s.d.r.c.RepositoryConfigurationDelegate - Finished Spring Data repository scanning in 83 ms. Found 2 JPA repository interfaces.
2023-10-31 00:43:47 [main] INFO  o.s.b.w.e.tomcat.TomcatWebServer - Tomcat initialized with port(s): 5000 (http)
2023-10-31 00:43:47 [main] INFO  o.a.catalina.core.StandardService - Starting service [Tomcat]
2023-10-31 00:43:47 [main] INFO  o.a.catalina.core.StandardEngine - Starting Servlet engine: [Apache Tomcat/9.0.71]
2023-10-31 00:43:47 [main] INFO  o.a.c.c.C.[Tomcat].[localhost].[/] - Initializing Spring embedded WebApplicationContext
2023-10-31 00:43:47 [main] INFO  o.s.b.w.s.c.ServletWebServerApplicationContext - Root WebApplicationContext: initialization completed in 1999 ms
2023-10-31 00:43:47 [main] INFO  o.h.jpa.internal.util.LogHelper - HHH000204: Processing PersistenceUnitInfo [name: default]
2023-10-31 00:43:47 [main] INFO  org.hibernate.Version - HHH000412: Hibernate ORM core version 5.6.14.Final
2023-10-31 00:43:48 [main] INFO  o.h.annotations.common.Version - HCANN000001: Hibernate Commons Annotations {5.1.2.Final}
2023-10-31 00:43:48 [main] INFO  com.zaxxer.hikari.HikariDataSource - HikariPool-1 - Starting...
2023-10-31 00:43:48 [main] INFO  com.zaxxer.hikari.HikariDataSource - HikariPool-1 - Start completed.
2023-10-31 00:43:48 [main] INFO  org.hibernate.dialect.Dialect - HHH000400: Using dialect: org.hibernate.dialect.PostgreSQLDialect
2023-10-31 00:43:50 [main] INFO  o.h.e.t.j.p.i.JtaPlatformInitiator - HHH000490: Using JtaPlatform implementation: [org.hibernate.engine.transaction.jta.platform.internal.NoJtaPlatform]
2023-10-31 00:43:50 [main] INFO  o.s.o.j.LocalContainerEntityManagerFactoryBean - Initialized JPA EntityManagerFactory for persistence unit 'default'
2023-10-31 00:43:50 [main] WARN  o.s.b.a.o.j.JpaBaseConfiguration$JpaWebConfiguration - spring.jpa.open-in-view is enabled by default. Therefore, database queries may be performed during view rendering. Explicitly configure spring.jpa.open-in-view to disable this warning
2023-10-31 00:43:51 [main] INFO  o.s.s.web.DefaultSecurityFilterChain - Will secure any request with [org.springframework.security.web.session.DisableEncodeUrlFilter@b5d7233, org.springframework.security.web.context.request.async.WebAsyncManagerIntegrationFilter@6be2b567, org.springframework.security.web.context.SecurityContextPersistenceFilter@35b58254, org.springframework.security.web.header.HeaderWriterFilter@182dcd2b, org.springframework.security.web.csrf.CsrfFilter@3879feec, org.springframework.security.web.authentication.logout.LogoutFilter@50caeb4b, org.springframework.security.web.authentication.UsernamePasswordAuthenticationFilter@7d8d671b, org.springframework.security.web.authentication.ui.DefaultLoginPageGeneratingFilter@6a562255, org.springframework.security.web.authentication.ui.DefaultLogoutPageGeneratingFilter@169d1f92, org.springframework.security.web.authentication.www.BasicAuthenticationFilter@37cc6017, org.springframework.security.web.savedrequest.RequestCacheAwareFilter@446dacf9, org.springframework.security.web.servletapi.SecurityContextHolderAwareRequestFilter@185bf6e0, org.springframework.security.web.authentication.AnonymousAuthenticationFilter@7fcbc336, org.springframework.security.web.session.SessionManagementFilter@259c6ab8, org.springframework.security.web.access.ExceptionTranslationFilter@49c4118b, org.springframework.security.web.access.intercept.FilterSecurityInterceptor@70ad0854]
2023-10-31 00:43:51 [main] INFO  o.s.b.w.e.tomcat.TomcatWebServer - Tomcat started on port(s): 5000 (http) with context path ''
2023-10-31 00:43:51 [main] INFO  com.hcc.BackendApplication - Started BackendApplication in 6.584 seconds (JVM running for 6.995)
2023-10-31 00:44:12 [http-nio-5000-exec-1] INFO  o.a.c.c.C.[Tomcat].[localhost].[/] - Initializing Spring DispatcherServlet 'dispatcherServlet'
2023-10-31 00:44:12 [http-nio-5000-exec-1] INFO  o.s.web.servlet.DispatcherServlet - Initializing Servlet 'dispatcherServlet'
2023-10-31 00:44:12 [http-nio-5000-exec-1] INFO  o.s.web.servlet.DispatcherServlet - Completed initialization in 0 ms
2023-10-31 00:50:39 [main] INFO  com.hcc.BackendApplication - Starting BackendApplication using Java 17.0.8.1 on DESKTOP-KQ164VM with PID 37628 (C:\Users\ajlov\BloomTech\forkedLabs\BloomCodeCamp-be-a-starter\build\classes\java\main started by ajlov in C:\Users\ajlov\BloomTech\forkedLabs\BloomCodeCamp-be-a-starter)
2023-10-31 00:50:39 [main] INFO  com.hcc.BackendApplication - The following 1 profile is active: "dev"
2023-10-31 00:50:41 [main] INFO  o.s.b.w.e.tomcat.TomcatWebServer - Tomcat initialized with port(s): 5000 (http)
2023-10-31 00:50:41 [main] INFO  o.a.catalina.core.StandardService - Starting service [Tomcat]
2023-10-31 00:50:41 [main] INFO  o.a.catalina.core.StandardEngine - Starting Servlet engine: [Apache Tomcat/9.0.71]
2023-10-31 00:50:41 [main] INFO  o.a.c.c.C.[Tomcat].[localhost].[/] - Initializing Spring embedded WebApplicationContext
2023-10-31 00:50:41 [main] INFO  o.s.b.w.s.c.ServletWebServerApplicationContext - Root WebApplicationContext: initialization completed in 2189 ms
2023-10-31 00:50:41 [main] ERROR o.s.b.w.e.tomcat.TomcatStarter - Error starting Tomcat context. Exception: org.springframework.beans.factory.UnsatisfiedDependencyException. Message: Error creating bean with name 'jwtFilter': Unsatisfied dependency expressed through field 'userRepo'; nested exception is org.springframework.beans.factory.NoSuchBeanDefinitionException: No qualifying bean of type 'com.hcc.repositories.UserRepository' available: expected at least 1 bean which qualifies as autowire candidate. Dependency annotations: {@org.springframework.beans.factory.annotation.Autowired(required=true)}
2023-10-31 00:50:41 [main] INFO  o.a.catalina.core.StandardService - Stopping service [Tomcat]
2023-10-31 00:50:41 [main] WARN  o.s.b.w.s.c.AnnotationConfigServletWebServerApplicationContext - Exception encountered during context initialization - cancelling refresh attempt: org.springframework.context.ApplicationContextException: Unable to start web server; nested exception is org.springframework.boot.web.server.WebServerException: Unable to start embedded Tomcat
2023-10-31 00:50:41 [main] INFO  o.s.b.a.l.ConditionEvaluationReportLoggingListener - 

Error starting ApplicationContext. To display the conditions report re-run your application with 'debug' enabled.
2023-10-31 00:50:41 [main] ERROR o.s.b.d.LoggingFailureAnalysisReporter - 

***************************
APPLICATION FAILED TO START
***************************

Description:

Field userRepo in com.hcc.filters.jwtFilter required a bean of type 'com.hcc.repositories.UserRepository' that could not be found.

The injection point has the following annotations:
	- @org.springframework.beans.factory.annotation.Autowired(required=true)


Action:

Consider defining a bean of type 'com.hcc.repositories.UserRepository' in your configuration.

2023-10-31 00:50:59 [main] INFO  com.hcc.BackendApplication - Starting BackendApplication using Java 17.0.8.1 on DESKTOP-KQ164VM with PID 17748 (C:\Users\ajlov\BloomTech\forkedLabs\BloomCodeCamp-be-a-starter\build\classes\java\main started by ajlov in C:\Users\ajlov\BloomTech\forkedLabs\BloomCodeCamp-be-a-starter)
2023-10-31 00:50:59 [main] INFO  com.hcc.BackendApplication - The following 1 profile is active: "dev"
2023-10-31 00:51:00 [main] INFO  o.s.b.w.e.tomcat.TomcatWebServer - Tomcat initialized with port(s): 5000 (http)
2023-10-31 00:51:01 [main] INFO  o.a.catalina.core.StandardService - Starting service [Tomcat]
2023-10-31 00:51:01 [main] INFO  o.a.catalina.core.StandardEngine - Starting Servlet engine: [Apache Tomcat/9.0.71]
2023-10-31 00:51:01 [main] INFO  o.a.c.c.C.[Tomcat].[localhost].[/] - Initializing Spring embedded WebApplicationContext
2023-10-31 00:51:01 [main] INFO  o.s.b.w.s.c.ServletWebServerApplicationContext - Root WebApplicationContext: initialization completed in 1722 ms
2023-10-31 00:51:01 [main] ERROR o.s.b.w.e.tomcat.TomcatStarter - Error starting Tomcat context. Exception: org.springframework.beans.factory.UnsatisfiedDependencyException. Message: Error creating bean with name 'jwtFilter': Unsatisfied dependency expressed through field 'userRepo'; nested exception is org.springframework.beans.factory.NoSuchBeanDefinitionException: No qualifying bean of type 'com.hcc.repositories.UserRepository' available: expected at least 1 bean which qualifies as autowire candidate. Dependency annotations: {@org.springframework.beans.factory.annotation.Autowired(required=true)}
2023-10-31 00:51:01 [main] INFO  o.a.catalina.core.StandardService - Stopping service [Tomcat]
2023-10-31 00:51:01 [main] WARN  o.s.b.w.s.c.AnnotationConfigServletWebServerApplicationContext - Exception encountered during context initialization - cancelling refresh attempt: org.springframework.context.ApplicationContextException: Unable to start web server; nested exception is org.springframework.boot.web.server.WebServerException: Unable to start embedded Tomcat
2023-10-31 00:51:01 [main] INFO  o.s.b.a.l.ConditionEvaluationReportLoggingListener - 

Error starting ApplicationContext. To display the conditions report re-run your application with 'debug' enabled.
2023-10-31 00:51:01 [main] ERROR o.s.b.d.LoggingFailureAnalysisReporter - 

***************************
APPLICATION FAILED TO START
***************************

Description:

Field userRepo in com.hcc.filters.jwtFilter required a bean of type 'com.hcc.repositories.UserRepository' that could not be found.

The injection point has the following annotations:
	- @org.springframework.beans.factory.annotation.Autowired(required=true)


Action:

Consider defining a bean of type 'com.hcc.repositories.UserRepository' in your configuration.

2023-10-31 00:51:14 [main] INFO  com.hcc.BackendApplication - Starting BackendApplication using Java 17.0.8.1 on DESKTOP-KQ164VM with PID 37876 (C:\Users\ajlov\BloomTech\forkedLabs\BloomCodeCamp-be-a-starter\build\classes\java\main started by ajlov in C:\Users\ajlov\BloomTech\forkedLabs\BloomCodeCamp-be-a-starter)
2023-10-31 00:51:14 [main] INFO  com.hcc.BackendApplication - The following 1 profile is active: "dev"
2023-10-31 00:51:15 [main] INFO  o.s.d.r.c.RepositoryConfigurationDelegate - Bootstrapping Spring Data JPA repositories in DEFAULT mode.
2023-10-31 00:51:15 [main] INFO  o.s.d.r.c.RepositoryConfigurationDelegate - Finished Spring Data repository scanning in 87 ms. Found 2 JPA repository interfaces.
2023-10-31 00:51:16 [main] INFO  o.s.b.w.e.tomcat.TomcatWebServer - Tomcat initialized with port(s): 5000 (http)
2023-10-31 00:51:16 [main] INFO  o.a.catalina.core.StandardService - Starting service [Tomcat]
2023-10-31 00:51:16 [main] INFO  o.a.catalina.core.StandardEngine - Starting Servlet engine: [Apache Tomcat/9.0.71]
2023-10-31 00:51:16 [main] INFO  o.a.c.c.C.[Tomcat].[localhost].[/] - Initializing Spring embedded WebApplicationContext
2023-10-31 00:51:16 [main] INFO  o.s.b.w.s.c.ServletWebServerApplicationContext - Root WebApplicationContext: initialization completed in 2166 ms
2023-10-31 00:51:16 [main] INFO  o.h.jpa.internal.util.LogHelper - HHH000204: Processing PersistenceUnitInfo [name: default]
2023-10-31 00:51:16 [main] INFO  org.hibernate.Version - HHH000412: Hibernate ORM core version 5.6.14.Final
2023-10-31 00:51:17 [main] INFO  o.h.annotations.common.Version - HCANN000001: Hibernate Commons Annotations {5.1.2.Final}
2023-10-31 00:51:17 [main] INFO  com.zaxxer.hikari.HikariDataSource - HikariPool-1 - Starting...
2023-10-31 00:51:18 [main] INFO  com.zaxxer.hikari.HikariDataSource - HikariPool-1 - Start completed.
2023-10-31 00:51:18 [main] INFO  org.hibernate.dialect.Dialect - HHH000400: Using dialect: org.hibernate.dialect.PostgreSQLDialect
2023-10-31 00:51:19 [main] INFO  o.h.e.t.j.p.i.JtaPlatformInitiator - HHH000490: Using JtaPlatform implementation: [org.hibernate.engine.transaction.jta.platform.internal.NoJtaPlatform]
2023-10-31 00:51:19 [main] INFO  o.s.o.j.LocalContainerEntityManagerFactoryBean - Initialized JPA EntityManagerFactory for persistence unit 'default'
2023-10-31 00:51:20 [main] WARN  o.s.b.a.o.j.JpaBaseConfiguration$JpaWebConfiguration - spring.jpa.open-in-view is enabled by default. Therefore, database queries may be performed during view rendering. Explicitly configure spring.jpa.open-in-view to disable this warning
2023-10-31 00:51:20 [main] INFO  o.s.s.web.DefaultSecurityFilterChain - Will secure any request with [org.springframework.security.web.session.DisableEncodeUrlFilter@61503d00, org.springframework.security.web.context.request.async.WebAsyncManagerIntegrationFilter@1fcfcf37, org.springframework.security.web.context.SecurityContextPersistenceFilter@13018f00, org.springframework.security.web.header.HeaderWriterFilter@640a6d4b, org.springframework.security.web.csrf.CsrfFilter@1fa796a4, org.springframework.security.web.authentication.logout.LogoutFilter@d271d6c, org.springframework.security.web.authentication.UsernamePasswordAuthenticationFilter@411933, org.springframework.security.web.authentication.ui.DefaultLoginPageGeneratingFilter@1f365a26, org.springframework.security.web.authentication.ui.DefaultLogoutPageGeneratingFilter@3ebc6d8b, org.springframework.security.web.authentication.www.BasicAuthenticationFilter@b5d7233, org.springframework.security.web.savedrequest.RequestCacheAwareFilter@2e1e7bc6, org.springframework.security.web.servletapi.SecurityContextHolderAwareRequestFilter@581d5b33, org.springframework.security.web.authentication.AnonymousAuthenticationFilter@1eab0700, org.springframework.security.web.session.SessionManagementFilter@35b58254, org.springframework.security.web.access.ExceptionTranslationFilter@4c3d72fd, org.springframework.security.web.access.intercept.FilterSecurityInterceptor@7d8d671b]
2023-10-31 00:51:20 [main] INFO  o.s.b.w.e.tomcat.TomcatWebServer - Tomcat started on port(s): 5000 (http) with context path ''
2023-10-31 00:51:20 [main] INFO  com.hcc.BackendApplication - Started BackendApplication in 7.262 seconds (JVM running for 7.744)
2023-10-31 00:55:01 [main] INFO  com.hcc.BackendApplication - Starting BackendApplication using Java 17.0.8.1 on DESKTOP-KQ164VM with PID 24412 (C:\Users\ajlov\BloomTech\forkedLabs\BloomCodeCamp-be-a-starter\build\classes\java\main started by ajlov in C:\Users\ajlov\BloomTech\forkedLabs\BloomCodeCamp-be-a-starter)
2023-10-31 00:55:01 [main] INFO  com.hcc.BackendApplication - The following 1 profile is active: "dev"
2023-10-31 00:55:02 [main] INFO  o.s.d.r.c.RepositoryConfigurationDelegate - Bootstrapping Spring Data JPA repositories in DEFAULT mode.
2023-10-31 00:55:02 [main] INFO  o.s.d.r.c.RepositoryConfigurationDelegate - Finished Spring Data repository scanning in 104 ms. Found 2 JPA repository interfaces.
2023-10-31 00:55:03 [main] INFO  o.s.b.w.e.tomcat.TomcatWebServer - Tomcat initialized with port(s): 8080 (http)
2023-10-31 00:55:03 [main] INFO  o.a.catalina.core.StandardService - Starting service [Tomcat]
2023-10-31 00:55:03 [main] INFO  o.a.catalina.core.StandardEngine - Starting Servlet engine: [Apache Tomcat/9.0.71]
2023-10-31 00:55:03 [main] INFO  o.a.c.c.C.[Tomcat].[localhost].[/] - Initializing Spring embedded WebApplicationContext
2023-10-31 00:55:03 [main] INFO  o.s.b.w.s.c.ServletWebServerApplicationContext - Root WebApplicationContext: initialization completed in 2064 ms
2023-10-31 00:55:03 [main] INFO  o.h.jpa.internal.util.LogHelper - HHH000204: Processing PersistenceUnitInfo [name: default]
2023-10-31 00:55:03 [main] INFO  org.hibernate.Version - HHH000412: Hibernate ORM core version 5.6.14.Final
2023-10-31 00:55:04 [main] INFO  o.h.annotations.common.Version - HCANN000001: Hibernate Commons Annotations {5.1.2.Final}
2023-10-31 00:55:04 [main] INFO  com.zaxxer.hikari.HikariDataSource - HikariPool-1 - Starting...
2023-10-31 00:55:04 [main] INFO  com.zaxxer.hikari.HikariDataSource - HikariPool-1 - Start completed.
2023-10-31 00:55:04 [main] INFO  org.hibernate.dialect.Dialect - HHH000400: Using dialect: org.hibernate.dialect.PostgreSQLDialect
2023-10-31 00:55:06 [main] INFO  o.h.e.t.j.p.i.JtaPlatformInitiator - HHH000490: Using JtaPlatform implementation: [org.hibernate.engine.transaction.jta.platform.internal.NoJtaPlatform]
2023-10-31 00:55:06 [main] INFO  o.s.o.j.LocalContainerEntityManagerFactoryBean - Initialized JPA EntityManagerFactory for persistence unit 'default'
2023-10-31 00:55:06 [main] WARN  o.s.b.a.o.j.JpaBaseConfiguration$JpaWebConfiguration - spring.jpa.open-in-view is enabled by default. Therefore, database queries may be performed during view rendering. Explicitly configure spring.jpa.open-in-view to disable this warning
2023-10-31 00:55:07 [main] INFO  o.s.s.web.DefaultSecurityFilterChain - Will secure any request with [org.springframework.security.web.session.DisableEncodeUrlFilter@7fcbc336, org.springframework.security.web.context.request.async.WebAsyncManagerIntegrationFilter@1fe7fa16, org.springframework.security.web.context.SecurityContextPersistenceFilter@13018f00, org.springframework.security.web.header.HeaderWriterFilter@640a6d4b, org.springframework.security.web.csrf.CsrfFilter@1fa796a4, org.springframework.security.web.authentication.logout.LogoutFilter@d271d6c, org.springframework.security.web.authentication.UsernamePasswordAuthenticationFilter@acb1c9c, org.springframework.security.web.authentication.ui.DefaultLoginPageGeneratingFilter@1f365a26, org.springframework.security.web.authentication.ui.DefaultLogoutPageGeneratingFilter@61503d00, org.springframework.security.web.authentication.www.BasicAuthenticationFilter@32fd5bc, org.springframework.security.web.savedrequest.RequestCacheAwareFilter@2e1e7bc6, org.springframework.security.web.servletapi.SecurityContextHolderAwareRequestFilter@581d5b33, org.springframework.security.web.authentication.AnonymousAuthenticationFilter@1fcfcf37, org.springframework.security.web.session.SessionManagementFilter@35b58254, org.springframework.security.web.access.ExceptionTranslationFilter@4c3d72fd, org.springframework.security.web.access.intercept.FilterSecurityInterceptor@1774c4e2]
2023-10-31 00:55:07 [main] INFO  o.s.b.w.e.tomcat.TomcatWebServer - Tomcat started on port(s): 8080 (http) with context path ''
2023-10-31 00:55:07 [main] INFO  com.hcc.BackendApplication - Started BackendApplication in 6.795 seconds (JVM running for 7.308)
2023-10-31 00:55:22 [http-nio-8080-exec-1] INFO  o.a.c.c.C.[Tomcat].[localhost].[/] - Initializing Spring DispatcherServlet 'dispatcherServlet'
2023-10-31 00:55:22 [http-nio-8080-exec-1] INFO  o.s.web.servlet.DispatcherServlet - Initializing Servlet 'dispatcherServlet'
2023-10-31 00:55:22 [http-nio-8080-exec-1] INFO  o.s.web.servlet.DispatcherServlet - Completed initialization in 1 ms
